<?xml version="1.0" encoding="UTF-8"?>
<!-- Generated by org.testng.reporters.JUnitReportReporter -->
<testsuite hostname="200411DC0361" name="com.cms.TestCase" tests="1" failures="0" timestamp="4 Oct 2019 06:51:19 GMT" time="106.515" errors="0">
  <testcase name="TestBrowser" time="106.515" classname="com.cms.TestCase"/>
</testsuite> <!-- com.cms.TestCase -->
