<?xml version="1.0" encoding="UTF-8"?>
<!-- Generated by org.testng.reporters.JUnitReportReporter -->
<testsuite hostname="200411DC0361" name="TestScripts.createProjectRisk" tests="1" failures="0" timestamp="8 Oct 2019 04:53:49 GMT" time="36.397" errors="0">
  <testcase name="createProjectRisk" time="36.397" classname="TestScripts.createProjectRisk"/>
</testsuite> <!-- TestScripts.createProjectRisk -->
