<?xml version="1.0" encoding="UTF-8"?>
<!-- Generated by org.testng.reporters.JUnitReportReporter -->
<testsuite hostname="200411DC0361" name="TestScripts.FillTimeSheet" tests="1" failures="0" timestamp="9 Oct 2019 09:45:17 GMT" time="51.083" errors="0">
  <testcase name="submitTimeSheet" time="51.083" classname="TestScripts.FillTimeSheet"/>
</testsuite> <!-- TestScripts.FillTimeSheet -->
